<?xml version="1.0" encoding="UTF-8"?>
<!-- Generated by org.testng.reporters.JUnitReportReporter -->
<testsuite hostname="DESKTOP-90JP5E6" name="utilities.loginPage" tests="1" failures="0" timestamp="25 Jul 2020 14:13:20 GMT" time="21.807" errors="0">
  <testcase name="url" time="21.807" classname="utilities.loginPage"/>
</testsuite> <!-- utilities.loginPage -->
